2024-08-22T18:36:54.363+03:00  INFO 9784 --- [main] com.example.todo.ToDoApplication         : Starting ToDoApplication using Java 21.0.3 with PID 9784 (C:\Users\Argen\Desktop\ToDoTestTask\target\classes started by Argen in C:\Users\Argen\Desktop\ToDoTestTask)
2024-08-22T18:36:54.426+03:00  INFO 9784 --- [main] com.example.todo.ToDoApplication         : No active profile set, falling back to 1 default profile: "default"
2024-08-22T18:37:01.988+03:00  INFO 9784 --- [main] .s.d.r.c.RepositoryConfigurationDelegate : Bootstrapping Spring Data JPA repositories in DEFAULT mode.
2024-08-22T18:37:02.438+03:00  INFO 9784 --- [main] .s.d.r.c.RepositoryConfigurationDelegate : Finished Spring Data repository scanning in 406 ms. Found 5 JPA repository interfaces.
2024-08-22T18:37:05.622+03:00  INFO 9784 --- [main] o.s.b.w.embedded.tomcat.TomcatWebServer  : Tomcat initialized with port 8089 (http)
2024-08-22T18:37:05.684+03:00  INFO 9784 --- [main] o.apache.catalina.core.StandardService   : Starting service [Tomcat]
2024-08-22T18:37:05.685+03:00  INFO 9784 --- [main] o.apache.catalina.core.StandardEngine    : Starting Servlet engine: [Apache Tomcat/10.1.26]
2024-08-22T18:37:06.045+03:00  INFO 9784 --- [main] o.a.c.c.C.[Tomcat].[localhost].[/]       : Initializing Spring embedded WebApplicationContext
2024-08-22T18:37:06.047+03:00  INFO 9784 --- [main] w.s.c.ServletWebServerApplicationContext : Root WebApplicationContext: initialization completed in 11336 ms
2024-08-22T18:37:06.197+03:00 DEBUG 9784 --- [main] o.s.b.w.s.ServletContextInitializerBeans : Mapping filters: springSecurityFilterChain urls=[/*] order=-100, characterEncodingFilter urls=[/*] order=-2147483648, formContentFilter urls=[/*] order=-9900, requestContextFilter urls=[/*] order=-105, jwtRequestFilter urls=[/*] order=2147483647
2024-08-22T18:37:06.199+03:00 DEBUG 9784 --- [main] o.s.b.w.s.ServletContextInitializerBeans : Mapping servlets: dispatcherServlet urls=[/]
2024-08-22T18:37:06.924+03:00  INFO 9784 --- [main] com.zaxxer.hikari.HikariDataSource       : HikariPool-1 - Starting...
2024-08-22T18:37:07.814+03:00  INFO 9784 --- [main] com.zaxxer.hikari.pool.HikariPool        : HikariPool-1 - Added connection org.postgresql.jdbc.PgConnection@101330ad
2024-08-22T18:37:07.822+03:00  INFO 9784 --- [main] com.zaxxer.hikari.HikariDataSource       : HikariPool-1 - Start completed.
2024-08-22T18:37:08.641+03:00  INFO 9784 --- [main] liquibase.database                       : Set default schema name to public
2024-08-22T18:37:09.824+03:00  INFO 9784 --- [main] liquibase.changelog                      : Reading resource: db/changelog/initial/001_create_main_tables.yaml
2024-08-22T18:37:09.917+03:00  INFO 9784 --- [main] liquibase.changelog                      : Reading resource: db/changelog/initial/002_add_task_id_for_comments.yaml
2024-08-22T18:37:09.948+03:00  INFO 9784 --- [main] liquibase.changelog                      : Reading resource: db/changelog/initial/003_add_authorities_table.yaml
2024-08-22T18:37:09.988+03:00  INFO 9784 --- [main] liquibase.changelog                      : Reading resource: db/changelog/initial/004_insert_some_date.sql
2024-08-22T18:37:10.020+03:00  INFO 9784 --- [main] liquibase.changelog                      : Reading resource: db/changelog/initial/005_add_is_active_column_for_tasks.yaml
2024-08-22T18:37:10.071+03:00  INFO 9784 --- [main] liquibase.changelog                      : Reading resource: db/changelog/initial/006_add_new_columns_for_tasks.yaml
2024-08-22T18:37:10.120+03:00  INFO 9784 --- [main] liquibase.changelog                      : Reading resource: db/changelog/initial/007_insert_data.sql
2024-08-22T18:37:10.597+03:00  INFO 9784 --- [main] liquibase.changelog                      : Reading from public.databasechangelog
2024-08-22T18:37:10.880+03:00  INFO 9784 --- [main] liquibase.ui                             : Database is up to date, no changesets to execute
2024-08-22T18:37:10.889+03:00  INFO 9784 --- [main] liquibase.changelog                      : Reading from public.databasechangelog
2024-08-22T18:37:10.930+03:00  INFO 9784 --- [main] liquibase.util                           : UPDATE SUMMARY
2024-08-22T18:37:10.932+03:00  INFO 9784 --- [main] liquibase.util                           : Run:                          0
2024-08-22T18:37:10.932+03:00  INFO 9784 --- [main] liquibase.util                           : Previously run:              10
2024-08-22T18:37:10.933+03:00  INFO 9784 --- [main] liquibase.util                           : Filtered out:                 0
2024-08-22T18:37:10.936+03:00  INFO 9784 --- [main] liquibase.util                           : -------------------------------
2024-08-22T18:37:10.938+03:00  INFO 9784 --- [main] liquibase.util                           : Total change sets:           10
2024-08-22T18:37:10.943+03:00  INFO 9784 --- [main] liquibase.util                           : Update summary generated
2024-08-22T18:37:11.061+03:00  INFO 9784 --- [main] liquibase.lockservice                    : Successfully released change log lock
2024-08-22T18:37:11.072+03:00  INFO 9784 --- [main] liquibase.command                        : Command execution complete
2024-08-22T18:37:11.562+03:00  INFO 9784 --- [main] o.hibernate.jpa.internal.util.LogHelper  : HHH000204: Processing PersistenceUnitInfo [name: default]
2024-08-22T18:37:11.976+03:00  INFO 9784 --- [main] org.hibernate.Version                    : HHH000412: Hibernate ORM core version 6.5.0.Final
2024-08-22T18:37:12.215+03:00  INFO 9784 --- [main] o.h.c.internal.RegionFactoryInitiator    : HHH000026: Second-level cache disabled
2024-08-22T18:37:12.708+03:00 DEBUG 9784 --- [main] org.hibernate.type.BasicTypeRegistry     : Adding type registration boolean -> org.hibernate.type.BasicTypeReference@4ac7856f
2024-08-22T18:37:12.709+03:00 DEBUG 9784 --- [main] org.hibernate.type.BasicTypeRegistry     : Adding type registration boolean -> org.hibernate.type.BasicTypeReference@4ac7856f
2024-08-22T18:37:12.710+03:00 DEBUG 9784 --- [main] org.hibernate.type.BasicTypeRegistry     : Adding type registration java.lang.Boolean -> org.hibernate.type.BasicTypeReference@4ac7856f
2024-08-22T18:37:12.711+03:00 DEBUG 9784 --- [main] org.hibernate.type.BasicTypeRegistry     : Adding type registration numeric_boolean -> org.hibernate.type.BasicTypeReference@432f4626
2024-08-22T18:37:12.712+03:00 DEBUG 9784 --- [main] org.hibernate.type.BasicTypeRegistry     : Adding type registration org.hibernate.type.NumericBooleanConverter -> org.hibernate.type.BasicTypeReference@432f4626
2024-08-22T18:37:12.713+03:00 DEBUG 9784 --- [main] org.hibernate.type.BasicTypeRegistry     : Adding type registration true_false -> org.hibernate.type.BasicTypeReference@297c3a43
2024-08-22T18:37:12.714+03:00 DEBUG 9784 --- [main] org.hibernate.type.BasicTypeRegistry     : Adding type registration org.hibernate.type.TrueFalseConverter -> org.hibernate.type.BasicTypeReference@297c3a43
2024-08-22T18:37:12.715+03:00 DEBUG 9784 --- [main] org.hibernate.type.BasicTypeRegistry     : Adding type registration yes_no -> org.hibernate.type.BasicTypeReference@4c79ca55
2024-08-22T18:37:12.715+03:00 DEBUG 9784 --- [main] org.hibernate.type.BasicTypeRegistry     : Adding type registration org.hibernate.type.YesNoConverter -> org.hibernate.type.BasicTypeReference@4c79ca55
2024-08-22T18:37:12.716+03:00 DEBUG 9784 --- [main] org.hibernate.type.BasicTypeRegistry     : Adding type registration byte -> org.hibernate.type.BasicTypeReference@3a63d248
2024-08-22T18:37:12.717+03:00 DEBUG 9784 --- [main] org.hibernate.type.BasicTypeRegistry     : Adding type registration byte -> org.hibernate.type.BasicTypeReference@3a63d248
2024-08-22T18:37:12.717+03:00 DEBUG 9784 --- [main] org.hibernate.type.BasicTypeRegistry     : Adding type registration java.lang.Byte -> org.hibernate.type.BasicTypeReference@3a63d248
2024-08-22T18:37:12.718+03:00 DEBUG 9784 --- [main] org.hibernate.type.BasicTypeRegistry     : Adding type registration binary -> org.hibernate.type.BasicTypeReference@3c4ad54
2024-08-22T18:37:12.719+03:00 DEBUG 9784 --- [main] org.hibernate.type.BasicTypeRegistry     : Adding type registration byte[] -> org.hibernate.type.BasicTypeReference@3c4ad54
2024-08-22T18:37:12.720+03:00 DEBUG 9784 --- [main] org.hibernate.type.BasicTypeRegistry     : Adding type registration [B -> org.hibernate.type.BasicTypeReference@3c4ad54
2024-08-22T18:37:12.721+03:00 DEBUG 9784 --- [main] org.hibernate.type.BasicTypeRegistry     : Adding type registration binary_wrapper -> org.hibernate.type.BasicTypeReference@4b22214d
2024-08-22T18:37:12.722+03:00 DEBUG 9784 --- [main] org.hibernate.type.BasicTypeRegistry     : Adding type registration wrapper-binary -> org.hibernate.type.BasicTypeReference@4b22214d
2024-08-22T18:37:12.724+03:00 DEBUG 9784 --- [main] org.hibernate.type.BasicTypeRegistry     : Adding type registration image -> org.hibernate.type.BasicTypeReference@498b611e
2024-08-22T18:37:12.725+03:00 DEBUG 9784 --- [main] org.hibernate.type.BasicTypeRegistry     : Adding type registration blob -> org.hibernate.type.BasicTypeReference@6dde1bf5
2024-08-22T18:37:12.726+03:00 DEBUG 9784 --- [main] org.hibernate.type.BasicTypeRegistry     : Adding type registration java.sql.Blob -> org.hibernate.type.BasicTypeReference@6dde1bf5
2024-08-22T18:37:12.727+03:00 DEBUG 9784 --- [main] org.hibernate.type.BasicTypeRegistry     : Adding type registration materialized_blob -> org.hibernate.type.BasicTypeReference@4b56b517
2024-08-22T18:37:12.727+03:00 DEBUG 9784 --- [main] org.hibernate.type.BasicTypeRegistry     : Adding type registration materialized_blob_wrapper -> org.hibernate.type.BasicTypeReference@1124dd79
2024-08-22T18:37:12.728+03:00 DEBUG 9784 --- [main] org.hibernate.type.BasicTypeRegistry     : Adding type registration short -> org.hibernate.type.BasicTypeReference@335cdd2
2024-08-22T18:37:12.728+03:00 DEBUG 9784 --- [main] org.hibernate.type.BasicTypeRegistry     : Adding type registration short -> org.hibernate.type.BasicTypeReference@335cdd2
2024-08-22T18:37:12.729+03:00 DEBUG 9784 --- [main] org.hibernate.type.BasicTypeRegistry     : Adding type registration java.lang.Short -> org.hibernate.type.BasicTypeReference@335cdd2
2024-08-22T18:37:12.730+03:00 DEBUG 9784 --- [main] org.hibernate.type.BasicTypeRegistry     : Adding type registration integer -> org.hibernate.type.BasicTypeReference@1ea96ff2
2024-08-22T18:37:12.732+03:00 DEBUG 9784 --- [main] org.hibernate.type.BasicTypeRegistry     : Adding type registration int -> org.hibernate.type.BasicTypeReference@1ea96ff2
2024-08-22T18:37:12.738+03:00 DEBUG 9784 --- [main] org.hibernate.type.BasicTypeRegistry     : Adding type registration java.lang.Integer -> org.hibernate.type.BasicTypeReference@1ea96ff2
2024-08-22T18:37:12.740+03:00 DEBUG 9784 --- [main] org.hibernate.type.BasicTypeRegistry     : Adding type registration long -> org.hibernate.type.BasicTypeReference@60a99f3d
2024-08-22T18:37:12.741+03:00 DEBUG 9784 --- [main] org.hibernate.type.BasicTypeRegistry     : Adding type registration long -> org.hibernate.type.BasicTypeReference@60a99f3d
2024-08-22T18:37:12.744+03:00 DEBUG 9784 --- [main] org.hibernate.type.BasicTypeRegistry     : Adding type registration java.lang.Long -> org.hibernate.type.BasicTypeReference@60a99f3d
2024-08-22T18:37:12.745+03:00 DEBUG 9784 --- [main] org.hibernate.type.BasicTypeRegistry     : Adding type registration float -> org.hibernate.type.BasicTypeReference@57515944
2024-08-22T18:37:12.746+03:00 DEBUG 9784 --- [main] org.hibernate.type.BasicTypeRegistry     : Adding type registration float -> org.hibernate.type.BasicTypeReference@57515944
2024-08-22T18:37:12.747+03:00 DEBUG 9784 --- [main] org.hibernate.type.BasicTypeRegistry     : Adding type registration java.lang.Float -> org.hibernate.type.BasicTypeReference@57515944
2024-08-22T18:37:12.748+03:00 DEBUG 9784 --- [main] org.hibernate.type.BasicTypeRegistry     : Adding type registration double -> org.hibernate.type.BasicTypeReference@7a274521
2024-08-22T18:37:12.749+03:00 DEBUG 9784 --- [main] org.hibernate.type.BasicTypeRegistry     : Adding type registration double -> org.hibernate.type.BasicTypeReference@7a274521
2024-08-22T18:37:12.751+03:00 DEBUG 9784 --- [main] org.hibernate.type.BasicTypeRegistry     : Adding type registration java.lang.Double -> org.hibernate.type.BasicTypeReference@7a274521
2024-08-22T18:37:12.752+03:00 DEBUG 9784 --- [main] org.hibernate.type.BasicTypeRegistry     : Adding type registration big_integer -> org.hibernate.type.BasicTypeReference@2fa47368
2024-08-22T18:37:12.752+03:00 DEBUG 9784 --- [main] org.hibernate.type.BasicTypeRegistry     : Adding type registration java.math.BigInteger -> org.hibernate.type.BasicTypeReference@2fa47368
2024-08-22T18:37:12.754+03:00 DEBUG 9784 --- [main] org.hibernate.type.BasicTypeRegistry     : Adding type registration big_decimal -> org.hibernate.type.BasicTypeReference@35841d6
2024-08-22T18:37:12.754+03:00 DEBUG 9784 --- [main] org.hibernate.type.BasicTypeRegistry     : Adding type registration java.math.BigDecimal -> org.hibernate.type.BasicTypeReference@35841d6
2024-08-22T18:37:12.755+03:00 DEBUG 9784 --- [main] org.hibernate.type.BasicTypeRegistry     : Adding type registration character -> org.hibernate.type.BasicTypeReference@5e9ea380
2024-08-22T18:37:12.755+03:00 DEBUG 9784 --- [main] org.hibernate.type.BasicTypeRegistry     : Adding type registration char -> org.hibernate.type.BasicTypeReference@5e9ea380
2024-08-22T18:37:12.756+03:00 DEBUG 9784 --- [main] org.hibernate.type.BasicTypeRegistry     : Adding type registration java.lang.Character -> org.hibernate.type.BasicTypeReference@5e9ea380
2024-08-22T18:37:12.757+03:00 DEBUG 9784 --- [main] org.hibernate.type.BasicTypeRegistry     : Adding type registration character_nchar -> org.hibernate.type.BasicTypeReference@1e50eb3f
2024-08-22T18:37:12.758+03:00 DEBUG 9784 --- [main] org.hibernate.type.BasicTypeRegistry     : Adding type registration string -> org.hibernate.type.BasicTypeReference@12e3f4ae
2024-08-22T18:37:12.758+03:00 DEBUG 9784 --- [main] org.hibernate.type.BasicTypeRegistry     : Adding type registration java.lang.String -> org.hibernate.type.BasicTypeReference@12e3f4ae
2024-08-22T18:37:12.759+03:00 DEBUG 9784 --- [main] org.hibernate.type.BasicTypeRegistry     : Adding type registration nstring -> org.hibernate.type.BasicTypeReference@537451d5
2024-08-22T18:37:12.759+03:00 DEBUG 9784 --- [main] org.hibernate.type.BasicTypeRegistry     : Adding type registration characters -> org.hibernate.type.BasicTypeReference@785d6a98
2024-08-22T18:37:12.761+03:00 DEBUG 9784 --- [main] org.hibernate.type.BasicTypeRegistry     : Adding type registration char[] -> org.hibernate.type.BasicTypeReference@785d6a98
2024-08-22T18:37:12.761+03:00 DEBUG 9784 --- [main] org.hibernate.type.BasicTypeRegistry     : Adding type registration [C -> org.hibernate.type.BasicTypeReference@785d6a98
2024-08-22T18:37:12.762+03:00 DEBUG 9784 --- [main] org.hibernate.type.BasicTypeRegistry     : Adding type registration wrapper-characters -> org.hibernate.type.BasicTypeReference@614d7fbf
2024-08-22T18:37:12.763+03:00 DEBUG 9784 --- [main] org.hibernate.type.BasicTypeRegistry     : Adding type registration text -> org.hibernate.type.BasicTypeReference@6c06b1bc
2024-08-22T18:37:12.764+03:00 DEBUG 9784 --- [main] org.hibernate.type.BasicTypeRegistry     : Adding type registration ntext -> org.hibernate.type.BasicTypeReference@1d8dbf10
2024-08-22T18:37:12.765+03:00 DEBUG 9784 --- [main] org.hibernate.type.BasicTypeRegistry     : Adding type registration clob -> org.hibernate.type.BasicTypeReference@e171f93
2024-08-22T18:37:12.766+03:00 DEBUG 9784 --- [main] org.hibernate.type.BasicTypeRegistry     : Adding type registration java.sql.Clob -> org.hibernate.type.BasicTypeReference@e171f93
2024-08-22T18:37:12.767+03:00 DEBUG 9784 --- [main] org.hibernate.type.BasicTypeRegistry     : Adding type registration nclob -> org.hibernate.type.BasicTypeReference@4ad3969
2024-08-22T18:37:12.768+03:00 DEBUG 9784 --- [main] org.hibernate.type.BasicTypeRegistry     : Adding type registration java.sql.NClob -> org.hibernate.type.BasicTypeReference@4ad3969
2024-08-22T18:37:12.769+03:00 DEBUG 9784 --- [main] org.hibernate.type.BasicTypeRegistry     : Adding type registration materialized_clob -> org.hibernate.type.BasicTypeReference@5d7ff311
2024-08-22T18:37:12.771+03:00 DEBUG 9784 --- [main] org.hibernate.type.BasicTypeRegistry     : Adding type registration materialized_clob_char_array -> org.hibernate.type.BasicTypeReference@2d7aa291
2024-08-22T18:37:12.772+03:00 DEBUG 9784 --- [main] org.hibernate.type.BasicTypeRegistry     : Adding type registration materialized_clob_character_array -> org.hibernate.type.BasicTypeReference@1ba7db2a
2024-08-22T18:37:12.773+03:00 DEBUG 9784 --- [main] org.hibernate.type.BasicTypeRegistry     : Adding type registration materialized_nclob -> org.hibernate.type.BasicTypeReference@762cdf46
2024-08-22T18:37:12.774+03:00 DEBUG 9784 --- [main] org.hibernate.type.BasicTypeRegistry     : Adding type registration materialized_nclob_character_array -> org.hibernate.type.BasicTypeReference@54e94de9
2024-08-22T18:37:12.777+03:00 DEBUG 9784 --- [main] org.hibernate.type.BasicTypeRegistry     : Adding type registration materialized_nclob_char_array -> org.hibernate.type.BasicTypeReference@2cff03cf
2024-08-22T18:37:12.779+03:00 DEBUG 9784 --- [main] org.hibernate.type.BasicTypeRegistry     : Adding type registration Duration -> org.hibernate.type.BasicTypeReference@924f3f1
2024-08-22T18:37:12.780+03:00 DEBUG 9784 --- [main] org.hibernate.type.BasicTypeRegistry     : Adding type registration java.time.Duration -> org.hibernate.type.BasicTypeReference@924f3f1
2024-08-22T18:37:12.782+03:00 DEBUG 9784 --- [main] org.hibernate.type.BasicTypeRegistry     : Adding type registration LocalDateTime -> org.hibernate.type.BasicTypeReference@19e2db7c
2024-08-22T18:37:12.783+03:00 DEBUG 9784 --- [main] org.hibernate.type.BasicTypeRegistry     : Adding type registration java.time.LocalDateTime -> org.hibernate.type.BasicTypeReference@19e2db7c
2024-08-22T18:37:12.783+03:00 DEBUG 9784 --- [main] org.hibernate.type.BasicTypeRegistry     : Adding type registration LocalDate -> org.hibernate.type.BasicTypeReference@77a4bac
2024-08-22T18:37:12.784+03:00 DEBUG 9784 --- [main] org.hibernate.type.BasicTypeRegistry     : Adding type registration java.time.LocalDate -> org.hibernate.type.BasicTypeReference@77a4bac
2024-08-22T18:37:12.785+03:00 DEBUG 9784 --- [main] org.hibernate.type.BasicTypeRegistry     : Adding type registration LocalTime -> org.hibernate.type.BasicTypeReference@534fc1f7
2024-08-22T18:37:12.786+03:00 DEBUG 9784 --- [main] org.hibernate.type.BasicTypeRegistry     : Adding type registration java.time.LocalTime -> org.hibernate.type.BasicTypeReference@534fc1f7
2024-08-22T18:37:12.787+03:00 DEBUG 9784 --- [main] org.hibernate.type.BasicTypeRegistry     : Adding type registration OffsetDateTime -> org.hibernate.type.BasicTypeReference@7d5a0b14
2024-08-22T18:37:12.787+03:00 DEBUG 9784 --- [main] org.hibernate.type.BasicTypeRegistry     : Adding type registration java.time.OffsetDateTime -> org.hibernate.type.BasicTypeReference@7d5a0b14
2024-08-22T18:37:12.788+03:00 DEBUG 9784 --- [main] org.hibernate.type.BasicTypeRegistry     : Adding type registration OffsetDateTimeWithTimezone -> org.hibernate.type.BasicTypeReference@72ec16f8
2024-08-22T18:37:12.788+03:00 DEBUG 9784 --- [main] org.hibernate.type.BasicTypeRegistry     : Adding type registration OffsetDateTimeWithoutTimezone -> org.hibernate.type.BasicTypeReference@279e1422
2024-08-22T18:37:12.789+03:00 DEBUG 9784 --- [main] org.hibernate.type.BasicTypeRegistry     : Adding type registration OffsetTime -> org.hibernate.type.BasicTypeReference@af3295f
2024-08-22T18:37:12.789+03:00 DEBUG 9784 --- [main] org.hibernate.type.BasicTypeRegistry     : Adding type registration java.time.OffsetTime -> org.hibernate.type.BasicTypeReference@af3295f
2024-08-22T18:37:12.790+03:00 DEBUG 9784 --- [main] org.hibernate.type.BasicTypeRegistry     : Adding type registration OffsetTimeUtc -> org.hibernate.type.BasicTypeReference@27dc81be
2024-08-22T18:37:12.790+03:00 DEBUG 9784 --- [main] org.hibernate.type.BasicTypeRegistry     : Adding type registration OffsetTimeWithTimezone -> org.hibernate.type.BasicTypeReference@3595086b
2024-08-22T18:37:12.790+03:00 DEBUG 9784 --- [main] org.hibernate.type.BasicTypeRegistry     : Adding type registration OffsetTimeWithoutTimezone -> org.hibernate.type.BasicTypeReference@627d35ff
2024-08-22T18:37:12.791+03:00 DEBUG 9784 --- [main] org.hibernate.type.BasicTypeRegistry     : Adding type registration ZonedDateTime -> org.hibernate.type.BasicTypeReference@7157413e
2024-08-22T18:37:12.792+03:00 DEBUG 9784 --- [main] org.hibernate.type.BasicTypeRegistry     : Adding type registration java.time.ZonedDateTime -> org.hibernate.type.BasicTypeReference@7157413e
2024-08-22T18:37:12.792+03:00 DEBUG 9784 --- [main] org.hibernate.type.BasicTypeRegistry     : Adding type registration ZonedDateTimeWithTimezone -> org.hibernate.type.BasicTypeReference@3245efdb
2024-08-22T18:37:12.792+03:00 DEBUG 9784 --- [main] org.hibernate.type.BasicTypeRegistry     : Adding type registration ZonedDateTimeWithoutTimezone -> org.hibernate.type.BasicTypeReference@2f0e7fa8
2024-08-22T18:37:12.793+03:00 DEBUG 9784 --- [main] org.hibernate.type.BasicTypeRegistry     : Adding type registration date -> org.hibernate.type.BasicTypeReference@24d7657b
2024-08-22T18:37:12.794+03:00 DEBUG 9784 --- [main] org.hibernate.type.BasicTypeRegistry     : Adding type registration java.sql.Date -> org.hibernate.type.BasicTypeReference@24d7657b
2024-08-22T18:37:12.796+03:00 DEBUG 9784 --- [main] org.hibernate.type.BasicTypeRegistry     : Adding type registration time -> org.hibernate.type.BasicTypeReference@6f428e6e
2024-08-22T18:37:12.799+03:00 DEBUG 9784 --- [main] org.hibernate.type.BasicTypeRegistry     : Adding type registration java.sql.Time -> org.hibernate.type.BasicTypeReference@6f428e6e
2024-08-22T18:37:12.800+03:00 DEBUG 9784 --- [main] org.hibernate.type.BasicTypeRegistry     : Adding type registration timestamp -> org.hibernate.type.BasicTypeReference@72e49f6a
2024-08-22T18:37:12.802+03:00 DEBUG 9784 --- [main] org.hibernate.type.BasicTypeRegistry     : Adding type registration java.sql.Timestamp -> org.hibernate.type.BasicTypeReference@72e49f6a
2024-08-22T18:37:12.804+03:00 DEBUG 9784 --- [main] org.hibernate.type.BasicTypeRegistry     : Adding type registration java.util.Date -> org.hibernate.type.BasicTypeReference@72e49f6a
2024-08-22T18:37:12.806+03:00 DEBUG 9784 --- [main] org.hibernate.type.BasicTypeRegistry     : Adding type registration calendar -> org.hibernate.type.BasicTypeReference@2e4b5da1
2024-08-22T18:37:12.808+03:00 DEBUG 9784 --- [main] org.hibernate.type.BasicTypeRegistry     : Adding type registration java.util.Calendar -> org.hibernate.type.BasicTypeReference@2e4b5da1
2024-08-22T18:37:12.809+03:00 DEBUG 9784 --- [main] org.hibernate.type.BasicTypeRegistry     : Adding type registration java.util.GregorianCalendar -> org.hibernate.type.BasicTypeReference@2e4b5da1
2024-08-22T18:37:12.810+03:00 DEBUG 9784 --- [main] org.hibernate.type.BasicTypeRegistry     : Adding type registration calendar_date -> org.hibernate.type.BasicTypeReference@312819ae
2024-08-22T18:37:12.810+03:00 DEBUG 9784 --- [main] org.hibernate.type.BasicTypeRegistry     : Adding type registration calendar_time -> org.hibernate.type.BasicTypeReference@4ae2c01b
2024-08-22T18:37:12.811+03:00 DEBUG 9784 --- [main] org.hibernate.type.BasicTypeRegistry     : Adding type registration instant -> org.hibernate.type.BasicTypeReference@1cab19e2
2024-08-22T18:37:12.811+03:00 DEBUG 9784 --- [main] org.hibernate.type.BasicTypeRegistry     : Adding type registration java.time.Instant -> org.hibernate.type.BasicTypeReference@1cab19e2
2024-08-22T18:37:12.812+03:00 DEBUG 9784 --- [main] org.hibernate.type.BasicTypeRegistry     : Adding type registration uuid -> org.hibernate.type.BasicTypeReference@6879e983
2024-08-22T18:37:12.812+03:00 DEBUG 9784 --- [main] org.hibernate.type.BasicTypeRegistry     : Adding type registration java.util.UUID -> org.hibernate.type.BasicTypeReference@6879e983
2024-08-22T18:37:12.812+03:00 DEBUG 9784 --- [main] org.hibernate.type.BasicTypeRegistry     : Adding type registration pg-uuid -> org.hibernate.type.BasicTypeReference@6879e983
2024-08-22T18:37:12.813+03:00 DEBUG 9784 --- [main] org.hibernate.type.BasicTypeRegistry     : Adding type registration uuid-binary -> org.hibernate.type.BasicTypeReference@196d684b
2024-08-22T18:37:12.814+03:00 DEBUG 9784 --- [main] org.hibernate.type.BasicTypeRegistry     : Adding type registration uuid-char -> org.hibernate.type.BasicTypeReference@45d38165
2024-08-22T18:37:12.814+03:00 DEBUG 9784 --- [main] org.hibernate.type.BasicTypeRegistry     : Adding type registration class -> org.hibernate.type.BasicTypeReference@1f3f434
2024-08-22T18:37:12.815+03:00 DEBUG 9784 --- [main] org.hibernate.type.BasicTypeRegistry     : Adding type registration java.lang.Class -> org.hibernate.type.BasicTypeReference@1f3f434
2024-08-22T18:37:12.815+03:00 DEBUG 9784 --- [main] org.hibernate.type.BasicTypeRegistry     : Adding type registration currency -> org.hibernate.type.BasicTypeReference@26612078
2024-08-22T18:37:12.815+03:00 DEBUG 9784 --- [main] org.hibernate.type.BasicTypeRegistry     : Adding type registration Currency -> org.hibernate.type.BasicTypeReference@26612078
2024-08-22T18:37:12.816+03:00 DEBUG 9784 --- [main] org.hibernate.type.BasicTypeRegistry     : Adding type registration java.util.Currency -> org.hibernate.type.BasicTypeReference@26612078
2024-08-22T18:37:12.816+03:00 DEBUG 9784 --- [main] org.hibernate.type.BasicTypeRegistry     : Adding type registration locale -> org.hibernate.type.BasicTypeReference@54bc3bcf
2024-08-22T18:37:12.817+03:00 DEBUG 9784 --- [main] org.hibernate.type.BasicTypeRegistry     : Adding type registration java.util.Locale -> org.hibernate.type.BasicTypeReference@54bc3bcf
2024-08-22T18:37:12.818+03:00 DEBUG 9784 --- [main] org.hibernate.type.BasicTypeRegistry     : Adding type registration serializable -> org.hibernate.type.BasicTypeReference@d3d5094
2024-08-22T18:37:12.818+03:00 DEBUG 9784 --- [main] org.hibernate.type.BasicTypeRegistry     : Adding type registration java.io.Serializable -> org.hibernate.type.BasicTypeReference@d3d5094
2024-08-22T18:37:12.819+03:00 DEBUG 9784 --- [main] org.hibernate.type.BasicTypeRegistry     : Adding type registration timezone -> org.hibernate.type.BasicTypeReference@13714753
2024-08-22T18:37:12.819+03:00 DEBUG 9784 --- [main] org.hibernate.type.BasicTypeRegistry     : Adding type registration java.util.TimeZone -> org.hibernate.type.BasicTypeReference@13714753
2024-08-22T18:37:12.820+03:00 DEBUG 9784 --- [main] org.hibernate.type.BasicTypeRegistry     : Adding type registration ZoneOffset -> org.hibernate.type.BasicTypeReference@3c3cd7a5
2024-08-22T18:37:12.820+03:00 DEBUG 9784 --- [main] org.hibernate.type.BasicTypeRegistry     : Adding type registration java.time.ZoneOffset -> org.hibernate.type.BasicTypeReference@3c3cd7a5
2024-08-22T18:37:12.820+03:00 DEBUG 9784 --- [main] org.hibernate.type.BasicTypeRegistry     : Adding type registration url -> org.hibernate.type.BasicTypeReference@96be1ae
2024-08-22T18:37:12.821+03:00 DEBUG 9784 --- [main] org.hibernate.type.BasicTypeRegistry     : Adding type registration java.net.URL -> org.hibernate.type.BasicTypeReference@96be1ae
2024-08-22T18:37:12.821+03:00 DEBUG 9784 --- [main] org.hibernate.type.BasicTypeRegistry     : Adding type registration vector -> org.hibernate.type.BasicTypeReference@6eb5b9e7
2024-08-22T18:37:12.822+03:00 DEBUG 9784 --- [main] org.hibernate.type.BasicTypeRegistry     : Adding type registration row_version -> org.hibernate.type.BasicTypeReference@77e730bd
2024-08-22T18:37:12.847+03:00 DEBUG 9784 --- [main] org.hibernate.type.BasicTypeRegistry     : Adding type registration object -> org.hibernate.type.JavaObjectType@70f91ae3
2024-08-22T18:37:12.850+03:00 DEBUG 9784 --- [main] org.hibernate.type.BasicTypeRegistry     : Adding type registration java.lang.Object -> org.hibernate.type.JavaObjectType@70f91ae3
2024-08-22T18:37:12.857+03:00 DEBUG 9784 --- [main] org.hibernate.type.BasicTypeRegistry     : Adding type registration null -> org.hibernate.type.NullType@3cb49121
2024-08-22T18:37:12.860+03:00 DEBUG 9784 --- [main] org.hibernate.type.BasicTypeRegistry     : Adding type registration imm_date -> org.hibernate.type.BasicTypeReference@227b9277
2024-08-22T18:37:12.862+03:00 DEBUG 9784 --- [main] org.hibernate.type.BasicTypeRegistry     : Adding type registration imm_time -> org.hibernate.type.BasicTypeReference@b56d8a7
2024-08-22T18:37:12.862+03:00 DEBUG 9784 --- [main] org.hibernate.type.BasicTypeRegistry     : Adding type registration imm_timestamp -> org.hibernate.type.BasicTypeReference@13f36d75
2024-08-22T18:37:12.863+03:00 DEBUG 9784 --- [main] org.hibernate.type.BasicTypeRegistry     : Adding type registration imm_calendar -> org.hibernate.type.BasicTypeReference@6de5ad56
2024-08-22T18:37:12.863+03:00 DEBUG 9784 --- [main] org.hibernate.type.BasicTypeRegistry     : Adding type registration imm_calendar_date -> org.hibernate.type.BasicTypeReference@3155f190
2024-08-22T18:37:12.863+03:00 DEBUG 9784 --- [main] org.hibernate.type.BasicTypeRegistry     : Adding type registration imm_calendar_time -> org.hibernate.type.BasicTypeReference@cfb94fd
2024-08-22T18:37:12.864+03:00 DEBUG 9784 --- [main] org.hibernate.type.BasicTypeRegistry     : Adding type registration imm_binary -> org.hibernate.type.BasicTypeReference@4ebd8d2
2024-08-22T18:37:12.864+03:00 DEBUG 9784 --- [main] org.hibernate.type.BasicTypeRegistry     : Adding type registration imm_serializable -> org.hibernate.type.BasicTypeReference@44a44a04
2024-08-22T18:37:13.952+03:00  INFO 9784 --- [main] o.s.o.j.p.SpringPersistenceUnitInfo      : No LoadTimeWeaver setup: ignoring JPA class transformer
2024-08-22T18:37:14.423+03:00 DEBUG 9784 --- [main] o.h.t.d.sql.spi.DdlTypeRegistry          : addDescriptor(2003, org.hibernate.type.descriptor.sql.internal.ArrayDdlTypeImpl@1782896) replaced previous registration(org.hibernate.type.descriptor.sql.internal.ArrayDdlTypeImpl@8bde368)
2024-08-22T18:37:14.424+03:00 DEBUG 9784 --- [main] o.h.t.d.sql.spi.DdlTypeRegistry          : addDescriptor(6, org.hibernate.type.descriptor.sql.internal.CapacityDependentDdlType@5065bdac) replaced previous registration(org.hibernate.type.descriptor.sql.internal.DdlTypeImpl@2e9dcdd3)
2024-08-22T18:37:14.435+03:00 DEBUG 9784 --- [main] o.h.t.d.jdbc.spi.JdbcTypeRegistry        : addDescriptor(2004, BlobTypeDescriptor(BLOB_BINDING)) replaced previous registration(BlobTypeDescriptor(DEFAULT))
2024-08-22T18:37:14.435+03:00 DEBUG 9784 --- [main] o.h.t.d.jdbc.spi.JdbcTypeRegistry        : addDescriptor(2005, ClobTypeDescriptor(CLOB_BINDING)) replaced previous registration(ClobTypeDescriptor(DEFAULT))
2024-08-22T18:37:14.469+03:00 DEBUG 9784 --- [main] org.hibernate.type.BasicTypeRegistry     : Adding type registration JAVA_OBJECT -> org.hibernate.type.JavaObjectType@6d5de79a
2024-08-22T18:37:14.470+03:00 DEBUG 9784 --- [main] org.hibernate.type.BasicTypeRegistry     : Adding type registration java.lang.Object -> org.hibernate.type.JavaObjectType@6d5de79a
2024-08-22T18:37:14.470+03:00 DEBUG 9784 --- [main] org.hibernate.type.BasicTypeRegistry     : Type registration key [java.lang.Object] overrode previous entry : `org.hibernate.type.JavaObjectType@70f91ae3`
2024-08-22T18:37:14.488+03:00 DEBUG 9784 --- [main] org.hibernate.type.BasicTypeRegistry     : Adding type registration org.hibernate.type.DurationType -> basicType@1(java.time.Duration,3015)
2024-08-22T18:37:14.489+03:00 DEBUG 9784 --- [main] org.hibernate.type.BasicTypeRegistry     : Adding type registration Duration -> basicType@1(java.time.Duration,3015)
2024-08-22T18:37:14.489+03:00 DEBUG 9784 --- [main] org.hibernate.type.BasicTypeRegistry     : Adding type registration java.time.Duration -> basicType@1(java.time.Duration,3015)
2024-08-22T18:37:14.500+03:00 DEBUG 9784 --- [main] org.hibernate.type.BasicTypeRegistry     : Adding type registration org.hibernate.type.OffsetDateTimeType -> basicType@2(java.time.OffsetDateTime,3003)
2024-08-22T18:37:14.500+03:00 DEBUG 9784 --- [main] org.hibernate.type.BasicTypeRegistry     : Adding type registration OffsetDateTime -> basicType@2(java.time.OffsetDateTime,3003)
2024-08-22T18:37:14.501+03:00 DEBUG 9784 --- [main] org.hibernate.type.BasicTypeRegistry     : Adding type registration java.time.OffsetDateTime -> basicType@2(java.time.OffsetDateTime,3003)
2024-08-22T18:37:14.501+03:00 DEBUG 9784 --- [main] org.hibernate.type.BasicTypeRegistry     : Adding type registration org.hibernate.type.ZonedDateTimeType -> basicType@3(java.time.ZonedDateTime,3003)
2024-08-22T18:37:14.501+03:00 DEBUG 9784 --- [main] org.hibernate.type.BasicTypeRegistry     : Adding type registration ZonedDateTime -> basicType@3(java.time.ZonedDateTime,3003)
2024-08-22T18:37:14.501+03:00 DEBUG 9784 --- [main] org.hibernate.type.BasicTypeRegistry     : Adding type registration java.time.ZonedDateTime -> basicType@3(java.time.ZonedDateTime,3003)
2024-08-22T18:37:14.504+03:00 DEBUG 9784 --- [main] org.hibernate.type.BasicTypeRegistry     : Adding type registration org.hibernate.type.OffsetTimeType -> basicType@4(java.time.OffsetTime,3007)
2024-08-22T18:37:14.505+03:00 DEBUG 9784 --- [main] org.hibernate.type.BasicTypeRegistry     : Adding type registration OffsetTime -> basicType@4(java.time.OffsetTime,3007)
2024-08-22T18:37:14.505+03:00 DEBUG 9784 --- [main] org.hibernate.type.BasicTypeRegistry     : Adding type registration java.time.OffsetTime -> basicType@4(java.time.OffsetTime,3007)
2024-08-22T18:37:14.510+03:00 DEBUG 9784 --- [main] o.h.type.spi.TypeConfiguration$Scope     : Scoping TypeConfiguration [org.hibernate.type.spi.TypeConfiguration@594c66c3] to MetadataBuildingContext [org.hibernate.boot.internal.MetadataBuildingContextRootImpl@64e657b0]
2024-08-22T18:37:16.450+03:00  WARN 9784 --- [main] org.hibernate.mapping.RootClass          : HHH000038: Composite-id class does not override equals(): com.example.todo.models.UserAuthority
2024-08-22T18:37:16.450+03:00  WARN 9784 --- [main] org.hibernate.mapping.RootClass          : HHH000039: Composite-id class does not override hashCode(): com.example.todo.models.UserAuthority
2024-08-22T18:37:19.761+03:00  INFO 9784 --- [main] o.h.e.t.j.p.i.JtaPlatformInitiator       : HHH000489: No JTA platform available (set 'hibernate.transaction.jta.platform' to enable JTA platform integration)
2024-08-22T18:37:19.765+03:00 DEBUG 9784 --- [main] o.h.type.spi.TypeConfiguration$Scope     : Scoping TypeConfiguration [org.hibernate.type.spi.TypeConfiguration@594c66c3] to SessionFactoryImplementor [org.hibernate.internal.SessionFactoryImpl@70736b19]
2024-08-22T18:37:19.954+03:00 TRACE 9784 --- [main] o.h.type.spi.TypeConfiguration$Scope     : Handling #sessionFactoryCreated from [org.hibernate.internal.SessionFactoryImpl@70736b19] for TypeConfiguration
2024-08-22T18:37:19.955+03:00  INFO 9784 --- [main] j.LocalContainerEntityManagerFactoryBean : Initialized JPA EntityManagerFactory for persistence unit 'default'
2024-08-22T18:37:20.541+03:00 DEBUG 9784 --- [main] o.h.stat.internal.StatisticsInitiator    : Statistics initialized [enabled=false]
2024-08-22T18:37:21.503+03:00  INFO 9784 --- [main] eAuthenticationProviderManagerConfigurer : Global AuthenticationManager configured with AuthenticationProvider bean with name daoAuthenticationProvider
2024-08-22T18:37:21.506+03:00  WARN 9784 --- [main] r$InitializeUserDetailsManagerConfigurer : Global AuthenticationManager configured with an AuthenticationProvider bean. UserDetailsService beans will not be used for username/password login. Consider removing the AuthenticationProvider bean. Alternatively, consider using the UserDetailsService in a manually instantiated DaoAuthenticationProvider.
2024-08-22T18:37:22.289+03:00  WARN 9784 --- [main] JpaBaseConfiguration$JpaWebConfiguration : spring.jpa.open-in-view is enabled by default. Therefore, database queries may be performed during view rendering. Explicitly configure spring.jpa.open-in-view to disable this warning
2024-08-22T18:37:22.892+03:00 DEBUG 9784 --- [main] o.s.s.web.DefaultSecurityFilterChain     : Will secure any request with filters: DisableEncodeUrlFilter, WebAsyncManagerIntegrationFilter, SecurityContextHolderFilter, HeaderWriterFilter, CorsFilter, LogoutFilter, RequestCacheAwareFilter, SecurityContextHolderAwareRequestFilter, AnonymousAuthenticationFilter, SessionManagementFilter, ExceptionTranslationFilter, AuthorizationFilter
2024-08-22T18:37:23.504+03:00 DEBUG 9784 --- [main] s.w.s.m.m.a.RequestMappingHandlerMapping : 20 mappings in 'requestMappingHandlerMapping'
2024-08-22T18:37:23.850+03:00 DEBUG 9784 --- [main] o.s.w.s.handler.SimpleUrlHandlerMapping  : Patterns [/webjars/**, /**, /swagger-ui*/*swagger-initializer.js, /swagger-ui*/**] in 'resourceHandlerMapping'
2024-08-22T18:37:24.008+03:00 DEBUG 9784 --- [main] s.w.s.m.m.a.RequestMappingHandlerAdapter : ControllerAdvice beans: 0 @ModelAttribute, 0 @InitBinder, 1 RequestBodyAdvice, 1 ResponseBodyAdvice
2024-08-22T18:37:24.177+03:00 DEBUG 9784 --- [main] .m.m.a.ExceptionHandlerExceptionResolver : ControllerAdvice beans: 2 @ExceptionHandler, 1 ResponseBodyAdvice
2024-08-22T18:37:25.202+03:00  INFO 9784 --- [main] o.s.b.w.embedded.tomcat.TomcatWebServer  : Tomcat started on port 8089 (http) with context path '/'
2024-08-22T18:37:25.236+03:00  INFO 9784 --- [main] com.example.todo.ToDoApplication         : Started ToDoApplication in 33.348 seconds (process running for 39.992)
2024-08-22T18:37:58.868+03:00  INFO 9784 --- [http-nio-172.20.10.4-8089-exec-1] o.a.c.c.C.[Tomcat].[localhost].[/]       : Initializing Spring DispatcherServlet 'dispatcherServlet'
2024-08-22T18:37:58.869+03:00  INFO 9784 --- [http-nio-172.20.10.4-8089-exec-1] o.s.web.servlet.DispatcherServlet        : Initializing Servlet 'dispatcherServlet'
2024-08-22T18:37:58.870+03:00 DEBUG 9784 --- [http-nio-172.20.10.4-8089-exec-1] o.s.web.servlet.DispatcherServlet        : Detected StandardServletMultipartResolver
2024-08-22T18:37:58.870+03:00 DEBUG 9784 --- [http-nio-172.20.10.4-8089-exec-1] o.s.web.servlet.DispatcherServlet        : Detected AcceptHeaderLocaleResolver
2024-08-22T18:37:58.871+03:00 DEBUG 9784 --- [http-nio-172.20.10.4-8089-exec-1] o.s.web.servlet.DispatcherServlet        : Detected FixedThemeResolver
2024-08-22T18:37:58.874+03:00 DEBUG 9784 --- [http-nio-172.20.10.4-8089-exec-1] o.s.web.servlet.DispatcherServlet        : Detected org.springframework.web.servlet.view.DefaultRequestToViewNameTranslator@165634aa
2024-08-22T18:37:58.876+03:00 DEBUG 9784 --- [http-nio-172.20.10.4-8089-exec-1] o.s.web.servlet.DispatcherServlet        : Detected org.springframework.web.servlet.support.SessionFlashMapManager@14738629
2024-08-22T18:37:58.879+03:00 DEBUG 9784 --- [http-nio-172.20.10.4-8089-exec-1] o.s.web.servlet.DispatcherServlet        : enableLoggingRequestDetails='false': request parameters and headers will be masked to prevent unsafe logging of potentially sensitive data
2024-08-22T18:37:58.879+03:00  INFO 9784 --- [http-nio-172.20.10.4-8089-exec-1] o.s.web.servlet.DispatcherServlet        : Completed initialization in 9 ms
2024-08-22T18:37:58.992+03:00 DEBUG 9784 --- [http-nio-172.20.10.4-8089-exec-1] o.s.security.web.FilterChainProxy        : Securing GET /api/tasks/1
2024-08-22T18:37:59.091+03:00 DEBUG 9784 --- [http-nio-172.20.10.4-8089-exec-1] o.s.s.w.a.AnonymousAuthenticationFilter  : Set SecurityContextHolder to anonymous SecurityContext
2024-08-22T18:37:59.100+03:00 DEBUG 9784 --- [http-nio-172.20.10.4-8089-exec-1] o.s.security.web.FilterChainProxy        : Secured GET /api/tasks/1
2024-08-22T18:37:59.114+03:00 DEBUG 9784 --- [http-nio-172.20.10.4-8089-exec-1] o.s.web.servlet.DispatcherServlet        : GET "/api/tasks/1", parameters={}
2024-08-22T18:37:59.130+03:00 DEBUG 9784 --- [http-nio-172.20.10.4-8089-exec-1] s.w.s.m.m.a.RequestMappingHandlerMapping : Mapped to com.example.todo.controllers.TaskController#getTaskById(Task)
2024-08-22T18:37:59.879+03:00 DEBUG 9784 --- [http-nio-172.20.10.4-8089-exec-1] org.hibernate.SQL                        : 
    select
        t1_0.id,
        t1_0.author_id,
        t1_0.created_date,
        t1_0.description,
        t1_0.end_time,
        t1_0.is_active,
        t1_0.name_task,
        t1_0.performer_id,
        t1_0.priority,
        t1_0.process,
        t1_0.start_time,
        t1_0.status,
        t1_0.sticker,
        t1_0.updated_date 
    from
        tasks t1_0 
    where
        t1_0.id=?
2024-08-22T18:38:00.439+03:00 DEBUG 9784 --- [http-nio-172.20.10.4-8089-exec-1] o.s.w.s.m.m.a.HttpEntityMethodProcessor  : Using 'application/json', given [*/*] and supported [application/json, application/*+json]
2024-08-22T18:38:00.453+03:00 DEBUG 9784 --- [http-nio-172.20.10.4-8089-exec-1] o.s.w.s.m.m.a.HttpEntityMethodProcessor  : Writing [TaskDto(id=1, nameTask=Задача по дизайну, description=Создать макет для нового проекта, status=NEW,  (truncated)...]
2024-08-22T18:38:00.541+03:00 DEBUG 9784 --- [http-nio-172.20.10.4-8089-exec-1] o.s.web.servlet.DispatcherServlet        : Completed 200 OK
2024-08-22T18:39:10.043+03:00 DEBUG 9784 --- [http-nio-172.20.10.4-8089-exec-3] o.s.security.web.FilterChainProxy        : Securing GET /api/tasks/1
2024-08-22T18:39:10.048+03:00 DEBUG 9784 --- [http-nio-172.20.10.4-8089-exec-3] o.s.s.w.a.AnonymousAuthenticationFilter  : Set SecurityContextHolder to anonymous SecurityContext
2024-08-22T18:39:10.048+03:00 DEBUG 9784 --- [http-nio-172.20.10.4-8089-exec-3] o.s.security.web.FilterChainProxy        : Secured GET /api/tasks/1
2024-08-22T18:39:10.049+03:00 DEBUG 9784 --- [http-nio-172.20.10.4-8089-exec-3] o.s.web.servlet.DispatcherServlet        : GET "/api/tasks/1", parameters={}
2024-08-22T18:39:10.051+03:00 DEBUG 9784 --- [http-nio-172.20.10.4-8089-exec-3] s.w.s.m.m.a.RequestMappingHandlerMapping : Mapped to com.example.todo.controllers.TaskController#getTaskById(Task)
2024-08-22T18:39:10.061+03:00 DEBUG 9784 --- [http-nio-172.20.10.4-8089-exec-3] org.hibernate.SQL                        : 
    select
        t1_0.id,
        t1_0.author_id,
        t1_0.created_date,
        t1_0.description,
        t1_0.end_time,
        t1_0.is_active,
        t1_0.name_task,
        t1_0.performer_id,
        t1_0.priority,
        t1_0.process,
        t1_0.start_time,
        t1_0.status,
        t1_0.sticker,
        t1_0.updated_date 
    from
        tasks t1_0 
    where
        t1_0.id=?
2024-08-22T18:39:10.077+03:00 DEBUG 9784 --- [http-nio-172.20.10.4-8089-exec-3] o.s.w.s.m.m.a.HttpEntityMethodProcessor  : Using 'application/json', given [*/*] and supported [application/json, application/*+json]
2024-08-22T18:39:10.079+03:00 DEBUG 9784 --- [http-nio-172.20.10.4-8089-exec-3] o.s.w.s.m.m.a.HttpEntityMethodProcessor  : Writing [TaskDto(id=1, nameTask=Задача по дизайну, description=Создать макет для нового проекта, status=NEW,  (truncated)...]
2024-08-22T18:39:10.083+03:00 DEBUG 9784 --- [http-nio-172.20.10.4-8089-exec-3] o.s.web.servlet.DispatcherServlet        : Completed 200 OK
2024-08-22T18:39:59.078+03:00  INFO 9784 --- [SpringApplicationShutdownHook] j.LocalContainerEntityManagerFactoryBean : Closing JPA EntityManagerFactory for persistence unit 'default'
2024-08-22T18:39:59.082+03:00 TRACE 9784 --- [SpringApplicationShutdownHook] o.h.type.spi.TypeConfiguration$Scope     : Handling #sessionFactoryClosed from [org.hibernate.internal.SessionFactoryImpl@70736b19] for TypeConfiguration
2024-08-22T18:39:59.082+03:00 DEBUG 9784 --- [SpringApplicationShutdownHook] o.h.type.spi.TypeConfiguration$Scope     : Un-scoping TypeConfiguration [org.hibernate.type.spi.TypeConfiguration$Scope@3030fab6] from SessionFactory [org.hibernate.internal.SessionFactoryImpl@70736b19]
2024-08-22T18:39:59.092+03:00  INFO 9784 --- [SpringApplicationShutdownHook] com.zaxxer.hikari.HikariDataSource       : HikariPool-1 - Shutdown initiated...
2024-08-22T18:39:59.501+03:00  INFO 9784 --- [SpringApplicationShutdownHook] com.zaxxer.hikari.HikariDataSource       : HikariPool-1 - Shutdown completed.
